<?xml version="1.0" encoding="UTF-8"?>
<testsuite xmlns:xsi="http://www.w3.org/2001/XMLSchema-instance" xsi:noNamespaceSchemaLocation="https://maven.apache.org/surefire/maven-surefire-plugin/xsd/surefire-test-report-3.0.xsd" version="3.0" name="runners.TestRunner" time="30.24" tests="1" errors="0" skipped="0" failures="0">
  <properties>
[...]
</properties>
  <testcase name="Accepter les cookies et naviguer vers Produits" classname="Accepter les cookies sur Somfy" time="29.055">
    <system-out><![CDATA[
@smoke @JIRA-456
Scenario: Accepter les cookies et naviguer vers Produits &amp#27;[90m# src/test/resources/features/SomfyAchat.feature:7&amp#27;[0m
  &amp#27;[32mGiven &amp#27;[0m&amp#27;[32mje suis sur la page d'accueil de Somfy&amp#27;[0m           &amp#27;[90m# stepdefinitions.SomfySteps.jeSuisSurLaPageDAccueilDeSomfy()&amp#27;[0m
  &amp#27;[32mWhen &amp#27;[0m&amp#27;[32mje clique sur le bouton &amp#27;[0m&amp#27;[32m&amp#27;[1m"TOUT ACCEPTER"&amp#27;[0m           &amp#27;[90m# stepdefinitions.SomfySteps.jeCliqueSurLeBouton(java.lang.String)&amp#27;[0m
  &amp#27;[32mThen &amp#27;[0m&amp#27;[32mle bandeau des cookies disparaît&amp#27;[0m                  &amp#27;[90m# stepdefinitions.SomfySteps.leBandeauDesCookiesDisparait()&amp#27;[0m
Error clicking Produits menu: Expected condition failed: waiting for element to be clickable: [[ChromeDriver: chrome on mac (eef54697ec4775db2854da3c3c74f5fe)] -> xpath: //a[contains(text(),'Produits')]] (tried for 20 second(s) with 500 milliseconds interval)
Build info: version: '4.16.1', revision: '9b4c83354e'
System info: os.name: 'Mac OS X', os.arch: 'x86_64', os.version: '15.2', java.version: '17.0.13'
Driver info: org.openqa.selenium.chrome.ChromeDriver
Capabilities {acceptInsecureCerts: false, browserName: chrome, browserVersion: 131.0.6778.266, chrome: {chromedriverVersion: 131.0.6778.264 (2d05e315153..., userDataDir: /var/folders/yv/xslfpg590dv...}, fedcm:accounts: true, goog:chromeOptions: {debuggerAddress: localhost:50028}, networkConnectionEnabled: false, pageLoadStrategy: normal, platformName: mac, proxy: Proxy(), se:cdp: ws://localhost:50028/devtoo..., se:cdpVersion: 131.0.6778.266, setWindowRect: true, strictFileInteractability: false, timeouts: {implicit: 0, pageLoad: 300000, script: 30000}, unhandledPromptBehavior: dismiss and notify, webauthn:extension:credBlob: true, webauthn:extension:largeBlob: true, webauthn:extension:minPinLength: true, webauthn:extension:prf: true, webauthn:virtualAuthenticators: true}
Session ID: eef54697ec4775db2854da3c3c74f5fe
  &amp#27;[32mWhen &amp#27;[0m&amp#27;[32mje clique sur le menu &amp#27;[0m&amp#27;[32m&amp#27;[1m"Produits"&amp#27;[0m                  &amp#27;[90m# stepdefinitions.SomfySteps.jeCliqueSurLeMenu(java.lang.String)&amp#27;[0m
]]></system-out>
    <system-err><![CDATA[[main] INFO io.github.bonigarcia.wdm.WebDriverManager - Using chromedriver 131.0.6778.264 (resolved driver for Chrome 131)
[main] INFO io.github.bonigarcia.wdm.WebDriverManager - Exporting webdriver.chrome.driver as /Users/hakantetik/.cache/selenium/chromedriver/mac64/131.0.6778.264/chromedriver
Oca 21, 2025 7:26:19 ÖÖ org.openqa.selenium.devtools.CdpVersionFinder findNearestMatch
WARNING: Unable to find CDP implementation matching 131
Oca 21, 2025 7:26:19 ÖÖ org.openqa.selenium.chromium.ChromiumDriver lambda$new$5
WARNING: Unable to find version of CDP to use for 131.0.6778.266. You may need to include a dependency on a specific version of the CDP using something similar to `org.seleniumhq.selenium:selenium-devtools-v86:4.16.1` where the version ("v86") matches the version of the chromium-based browser you're using and the version number of the artifact is the same as Selenium's.
]]></system-err>
  </testcase>
</testsuite>